{"/Users/romulobordezani/workspace/formoose/src/custom-errors/index.ts": {"path":"/Users/romulobordezani/workspace/formoose/src/custom-errors/index.ts","statementMap":{"0":{"start":{"line":1,"column":0},"end":{"line":1,"column":30}},"1":{"start":{"line":2,"column":0},"end":{"line":2,"column":31}}},"fnMap":{},"branchMap":{},"s":{"0":10,"1":10},"f":{},"b":{}}
,"/Users/romulobordezani/workspace/formoose/src/custom-errors/CustomError/CustomError.ts": {"path":"/Users/romulobordezani/workspace/formoose/src/custom-errors/CustomError/CustomError.ts","statementMap":{"0":{"start":{"line":15,"column":4},"end":{"line":15,"column":19}},"1":{"start":{"line":16,"column":4},"end":{"line":16,"column":55}},"2":{"start":{"line":17,"column":4},"end":{"line":17,"column":30}},"3":{"start":{"line":18,"column":4},"end":{"line":18,"column":33}},"4":{"start":{"line":19,"column":4},"end":{"line":19,"column":23}},"5":{"start":{"line":20,"column":4},"end":{"line":20,"column":51}},"6":{"start":{"line":21,"column":4},"end":{"line":21,"column":59}},"7":{"start":{"line":3,"column":0},"end":{"line":3,"column":13}}},"fnMap":{"0":{"name":"(anonymous_0)","decl":{"start":{"line":9,"column":2},"end":{"line":9,"column":null}},"loc":{"start":{"line":13,"column":47},"end":{"line":22,"column":3}}}},"branchMap":{"0":{"loc":{"start":{"line":18,"column":19},"end":{"line":18,"column":32}},"type":"binary-expr","locations":[{"start":{"line":18,"column":19},"end":{"line":18,"column":26}},{"start":{"line":18,"column":30},"end":{"line":18,"column":32}}]}},"s":{"0":21,"1":21,"2":21,"3":21,"4":21,"5":21,"6":21,"7":10},"f":{"0":21},"b":{"0":[21,0]}}
,"/Users/romulobordezani/workspace/formoose/src/custom-errors/CustomError/index.ts": {"path":"/Users/romulobordezani/workspace/formoose/src/custom-errors/CustomError/index.ts","statementMap":{"0":{"start":{"line":1,"column":0},"end":{"line":1,"column":30}}},"fnMap":{},"branchMap":{},"s":{"0":10},"f":{},"b":{}}
,"/Users/romulobordezani/workspace/formoose/src/custom-errors/ErrorHandler/ErrorHandler.ts": {"path":"/Users/romulobordezani/workspace/formoose/src/custom-errors/ErrorHandler/ErrorHandler.ts","statementMap":{"0":{"start":{"line":1,"column":0},"end":{"line":1,"column":45}},"1":{"start":{"line":16,"column":4},"end":{"line":16,"column":88}},"2":{"start":{"line":6,"column":0},"end":{"line":6,"column":13}}},"fnMap":{"0":{"name":"(anonymous_0)","decl":{"start":{"line":15,"column":9},"end":{"line":15,"column":15}},"loc":{"start":{"line":15,"column":113},"end":{"line":17,"column":3}}}},"branchMap":{"0":{"loc":{"start":{"line":15,"column":85},"end":{"line":15,"column":113}},"type":"default-arg","locations":[{"start":{"line":15,"column":111},"end":{"line":15,"column":113}}]}},"s":{"0":10,"1":21,"2":10},"f":{"0":21},"b":{"0":[20]}}
,"/Users/romulobordezani/workspace/formoose/src/custom-errors/ErrorHandler/index.ts": {"path":"/Users/romulobordezani/workspace/formoose/src/custom-errors/ErrorHandler/index.ts","statementMap":{"0":{"start":{"line":1,"column":0},"end":{"line":1,"column":31}}},"fnMap":{},"branchMap":{},"s":{"0":10},"f":{},"b":{}}
,"/Users/romulobordezani/workspace/formoose/src/interfaces/Types.enum.ts": {"path":"/Users/romulobordezani/workspace/formoose/src/interfaces/Types.enum.ts","statementMap":{"0":{"start":{"line":1,"column":0},"end":{"line":1,"column":null}},"1":{"start":{"line":2,"column":2},"end":{"line":2,"column":null}},"2":{"start":{"line":3,"column":2},"end":{"line":3,"column":null}},"3":{"start":{"line":4,"column":2},"end":{"line":4,"column":null}},"4":{"start":{"line":5,"column":2},"end":{"line":5,"column":null}}},"fnMap":{"0":{"name":"(anonymous_0)","decl":{"start":{"line":1,"column":0},"end":{"line":1,"column":12}},"loc":{"start":{"line":1,"column":21},"end":{"line":6,"column":1}}}},"branchMap":{"0":{"loc":{"start":{"line":1,"column":12},"end":{"line":1,"column":null}},"type":"binary-expr","locations":[{"start":{"line":1,"column":12},"end":{"line":1,"column":21}},{"start":{"line":1,"column":21},"end":{"line":1,"column":null}}]}},"s":{"0":1,"1":1,"2":1,"3":1,"4":1},"f":{"0":1},"b":{"0":[1,1]}}
,"/Users/romulobordezani/workspace/formoose/src/interfaces/index.ts": {"path":"/Users/romulobordezani/workspace/formoose/src/interfaces/index.ts","statementMap":{"0":{"start":{"line":1,"column":0},"end":{"line":1,"column":31}},"1":{"start":{"line":3,"column":0},"end":{"line":3,"column":26}},"2":{"start":{"line":4,"column":0},"end":{"line":4,"column":30}},"3":{"start":{"line":5,"column":0},"end":{"line":5,"column":32}},"4":{"start":{"line":6,"column":0},"end":{"line":6,"column":31}},"5":{"start":{"line":8,"column":0},"end":{"line":8,"column":26}},"6":{"start":{"line":9,"column":0},"end":{"line":9,"column":26}},"7":{"start":{"line":10,"column":0},"end":{"line":10,"column":29}},"8":{"start":{"line":11,"column":0},"end":{"line":11,"column":30}}},"fnMap":{},"branchMap":{},"s":{"0":1,"1":1,"2":1,"3":1,"4":1,"5":1,"6":1,"7":1,"8":1},"f":{},"b":{}}
,"/Users/romulobordezani/workspace/formoose/src/tools/convertModelToForm/convertModelToForm.ts": {"path":"/Users/romulobordezani/workspace/formoose/src/tools/convertModelToForm/convertModelToForm.ts","statementMap":{"0":{"start":{"line":14,"column":24},"end":{"line":14,"column":26}},"1":{"start":{"line":16,"column":2},"end":{"line":22,"column":5}},"2":{"start":{"line":17,"column":4},"end":{"line":21,"column":6}},"3":{"start":{"line":24,"column":2},"end":{"line":24,"column":23}},"4":{"start":{"line":27,"column":0},"end":{"line":27,"column":34}}},"fnMap":{"0":{"name":"convertModelToForm","decl":{"start":{"line":11,"column":9},"end":{"line":11,"column":27}},"loc":{"start":{"line":12,"column":15},"end":{"line":25,"column":1}}},"1":{"name":"(anonymous_1)","decl":{"start":{"line":16,"column":25},"end":{"line":16,"column":28}},"loc":{"start":{"line":16,"column":31},"end":{"line":22,"column":3}}}},"branchMap":{},"s":{"0":1,"1":1,"2":12,"3":1,"4":1},"f":{"0":1,"1":12},"b":{}}
,"/Users/romulobordezani/workspace/formoose/src/tools/mountFormData/MountFormData.ts": {"path":"/Users/romulobordezani/workspace/formoose/src/tools/mountFormData/MountFormData.ts","statementMap":{"0":{"start":{"line":3,"column":29},"end":{"line":15,"column":1}},"1":{"start":{"line":4,"column":30},"end":{"line":4,"column":32}},"2":{"start":{"line":6,"column":2},"end":{"line":12,"column":5}},"3":{"start":{"line":7,"column":4},"end":{"line":11,"column":6}},"4":{"start":{"line":14,"column":2},"end":{"line":14,"column":18}},"5":{"start":{"line":3,"column":13},"end":{"line":3,"column":29}}},"fnMap":{"0":{"name":"(anonymous_0)","decl":{"start":{"line":3,"column":29},"end":{"line":3,"column":30}},"loc":{"start":{"line":3,"column":49},"end":{"line":15,"column":1}}},"1":{"name":"(anonymous_1)","decl":{"start":{"line":6,"column":26},"end":{"line":6,"column":27}},"loc":{"start":{"line":6,"column":42},"end":{"line":12,"column":3}}}},"branchMap":{},"s":{"0":1,"1":1,"2":1,"3":5,"4":1,"5":1},"f":{"0":1,"1":5},"b":{}}
,"/Users/romulobordezani/workspace/formoose/src/validators/index.ts": {"path":"/Users/romulobordezani/workspace/formoose/src/validators/index.ts","statementMap":{"0":{"start":{"line":1,"column":0},"end":{"line":1,"column":27}},"1":{"start":{"line":2,"column":0},"end":{"line":2,"column":34}},"2":{"start":{"line":3,"column":0},"end":{"line":3,"column":34}},"3":{"start":{"line":4,"column":0},"end":{"line":4,"column":36}},"4":{"start":{"line":5,"column":0},"end":{"line":5,"column":38}},"5":{"start":{"line":6,"column":0},"end":{"line":6,"column":46}},"6":{"start":{"line":7,"column":0},"end":{"line":7,"column":38}},"7":{"start":{"line":8,"column":0},"end":{"line":8,"column":38}},"8":{"start":{"line":9,"column":0},"end":{"line":9,"column":38}}},"fnMap":{},"branchMap":{},"s":{"0":9,"1":9,"2":9,"3":9,"4":9,"5":9,"6":9,"7":9,"8":9},"f":{},"b":{}}
,"/Users/romulobordezani/workspace/formoose/src/validators/isArray/isArray.ts": {"path":"/Users/romulobordezani/workspace/formoose/src/validators/isArray/isArray.ts","statementMap":{"0":{"start":{"line":1,"column":0},"end":{"line":1,"column":47}},"1":{"start":{"line":11,"column":2},"end":{"line":17,"column":null}},"2":{"start":{"line":12,"column":4},"end":{"line":16,"column":6}},"3":{"start":{"line":18,"column":2},"end":{"line":18,"column":14}},"4":{"start":{"line":10,"column":0},"end":{"line":10,"column":16}}},"fnMap":{"0":{"name":"isArray","decl":{"start":{"line":10,"column":16},"end":{"line":10,"column":23}},"loc":{"start":{"line":10,"column":41},"end":{"line":19,"column":1}}}},"branchMap":{"0":{"loc":{"start":{"line":11,"column":2},"end":{"line":17,"column":null}},"type":"if","locations":[{"start":{"line":11,"column":2},"end":{"line":17,"column":null}}]}},"s":{"0":9,"1":2,"2":1,"3":1,"4":9},"f":{"0":2},"b":{"0":[1]}}
,"/Users/romulobordezani/workspace/formoose/src/validators/isBoolean/isBoolean.ts": {"path":"/Users/romulobordezani/workspace/formoose/src/validators/isBoolean/isBoolean.ts","statementMap":{"0":{"start":{"line":1,"column":0},"end":{"line":1,"column":47}},"1":{"start":{"line":11,"column":2},"end":{"line":17,"column":null}},"2":{"start":{"line":12,"column":4},"end":{"line":16,"column":6}},"3":{"start":{"line":18,"column":2},"end":{"line":18,"column":14}},"4":{"start":{"line":10,"column":0},"end":{"line":10,"column":16}}},"fnMap":{"0":{"name":"isBoolean","decl":{"start":{"line":10,"column":16},"end":{"line":10,"column":25}},"loc":{"start":{"line":10,"column":43},"end":{"line":19,"column":1}}}},"branchMap":{"0":{"loc":{"start":{"line":11,"column":2},"end":{"line":17,"column":null}},"type":"if","locations":[{"start":{"line":11,"column":2},"end":{"line":17,"column":null}}]}},"s":{"0":9,"1":2,"2":1,"3":1,"4":9},"f":{"0":2},"b":{"0":[1]}}
,"/Users/romulobordezani/workspace/formoose/src/validators/isEmpty/isEmpty.ts": {"path":"/Users/romulobordezani/workspace/formoose/src/validators/isEmpty/isEmpty.ts","statementMap":{"0":{"start":{"line":1,"column":0},"end":{"line":1,"column":47}},"1":{"start":{"line":11,"column":2},"end":{"line":17,"column":null}},"2":{"start":{"line":12,"column":4},"end":{"line":16,"column":6}},"3":{"start":{"line":18,"column":2},"end":{"line":18,"column":14}},"4":{"start":{"line":10,"column":0},"end":{"line":10,"column":16}}},"fnMap":{"0":{"name":"isEmpty","decl":{"start":{"line":10,"column":16},"end":{"line":10,"column":23}},"loc":{"start":{"line":10,"column":41},"end":{"line":19,"column":1}}}},"branchMap":{"0":{"loc":{"start":{"line":11,"column":2},"end":{"line":17,"column":null}},"type":"if","locations":[{"start":{"line":11,"column":2},"end":{"line":17,"column":null}}]},"1":{"loc":{"start":{"line":11,"column":6},"end":{"line":11,"column":79}},"type":"binary-expr","locations":[{"start":{"line":11,"column":6},"end":{"line":11,"column":25}},{"start":{"line":11,"column":29},"end":{"line":11,"column":43}},{"start":{"line":11,"column":47},"end":{"line":11,"column":59}},{"start":{"line":11,"column":63},"end":{"line":11,"column":79}}]}},"s":{"0":9,"1":3,"2":2,"3":1,"4":9},"f":{"0":3},"b":{"0":[2],"1":[3,2,1,1]}}
,"/Users/romulobordezani/workspace/formoose/src/validators/isNumber/isNumber.ts": {"path":"/Users/romulobordezani/workspace/formoose/src/validators/isNumber/isNumber.ts","statementMap":{"0":{"start":{"line":1,"column":0},"end":{"line":1,"column":47}},"1":{"start":{"line":11,"column":2},"end":{"line":17,"column":null}},"2":{"start":{"line":12,"column":4},"end":{"line":16,"column":6}},"3":{"start":{"line":18,"column":2},"end":{"line":18,"column":14}},"4":{"start":{"line":10,"column":0},"end":{"line":10,"column":16}}},"fnMap":{"0":{"name":"isNumber","decl":{"start":{"line":10,"column":16},"end":{"line":10,"column":24}},"loc":{"start":{"line":10,"column":42},"end":{"line":19,"column":1}}}},"branchMap":{"0":{"loc":{"start":{"line":11,"column":2},"end":{"line":17,"column":null}},"type":"if","locations":[{"start":{"line":11,"column":2},"end":{"line":17,"column":null}}]}},"s":{"0":9,"1":4,"2":3,"3":1,"4":9},"f":{"0":4},"b":{"0":[3]}}
,"/Users/romulobordezani/workspace/formoose/src/validators/isString/index.ts": {"path":"/Users/romulobordezani/workspace/formoose/src/validators/isString/index.ts","statementMap":{"0":{"start":{"line":1,"column":0},"end":{"line":1,"column":27}}},"fnMap":{},"branchMap":{},"s":{"0":9},"f":{},"b":{}}
,"/Users/romulobordezani/workspace/formoose/src/validators/isString/isString.ts": {"path":"/Users/romulobordezani/workspace/formoose/src/validators/isString/isString.ts","statementMap":{"0":{"start":{"line":1,"column":0},"end":{"line":1,"column":64}},"1":{"start":{"line":11,"column":2},"end":{"line":17,"column":null}},"2":{"start":{"line":12,"column":4},"end":{"line":16,"column":6}},"3":{"start":{"line":19,"column":2},"end":{"line":19,"column":14}},"4":{"start":{"line":10,"column":0},"end":{"line":10,"column":16}}},"fnMap":{"0":{"name":"isString","decl":{"start":{"line":10,"column":16},"end":{"line":10,"column":24}},"loc":{"start":{"line":10,"column":58},"end":{"line":20,"column":1}}}},"branchMap":{"0":{"loc":{"start":{"line":11,"column":2},"end":{"line":17,"column":null}},"type":"if","locations":[{"start":{"line":11,"column":2},"end":{"line":17,"column":null}}]}},"s":{"0":9,"1":14,"2":9,"3":5,"4":9},"f":{"0":14},"b":{"0":[9]}}
,"/Users/romulobordezani/workspace/formoose/src/validators/matchEnum/matchEnum.ts": {"path":"/Users/romulobordezani/workspace/formoose/src/validators/matchEnum/matchEnum.ts","statementMap":{"0":{"start":{"line":1,"column":0},"end":{"line":1,"column":47}},"1":{"start":{"line":12,"column":23},"end":{"line":12,"column":68}},"2":{"start":{"line":14,"column":2},"end":{"line":22,"column":null}},"3":{"start":{"line":15,"column":4},"end":{"line":21,"column":6}},"4":{"start":{"line":23,"column":2},"end":{"line":23,"column":14}},"5":{"start":{"line":11,"column":0},"end":{"line":11,"column":16}}},"fnMap":{"0":{"name":"matchEnum","decl":{"start":{"line":11,"column":16},"end":{"line":11,"column":25}},"loc":{"start":{"line":11,"column":55},"end":{"line":24,"column":1}}}},"branchMap":{"0":{"loc":{"start":{"line":14,"column":2},"end":{"line":22,"column":null}},"type":"if","locations":[{"start":{"line":14,"column":2},"end":{"line":22,"column":null}}]}},"s":{"0":9,"1":2,"2":2,"3":1,"4":1,"5":9},"f":{"0":2},"b":{"0":[1]}}
,"/Users/romulobordezani/workspace/formoose/src/validators/matchValidate/matchValidate.ts": {"path":"/Users/romulobordezani/workspace/formoose/src/validators/matchValidate/matchValidate.ts","statementMap":{"0":{"start":{"line":1,"column":0},"end":{"line":1,"column":47}},"1":{"start":{"line":12,"column":2},"end":{"line":18,"column":null}},"2":{"start":{"line":13,"column":4},"end":{"line":17,"column":6}},"3":{"start":{"line":19,"column":2},"end":{"line":19,"column":14}},"4":{"start":{"line":11,"column":0},"end":{"line":11,"column":16}}},"fnMap":{"0":{"name":"matchValidate","decl":{"start":{"line":11,"column":16},"end":{"line":11,"column":29}},"loc":{"start":{"line":11,"column":89},"end":{"line":20,"column":1}}}},"branchMap":{"0":{"loc":{"start":{"line":11,"column":59},"end":{"line":11,"column":89}},"type":"default-arg","locations":[{"start":{"line":11,"column":77},"end":{"line":11,"column":89}}]},"1":{"loc":{"start":{"line":12,"column":2},"end":{"line":18,"column":null}},"type":"if","locations":[{"start":{"line":12,"column":2},"end":{"line":18,"column":null}}]}},"s":{"0":9,"1":2,"2":1,"3":1,"4":9},"f":{"0":2},"b":{"0":[2],"1":[1]}}
,"/Users/romulobordezani/workspace/formoose/src/validators/maxLength/maxLength.ts": {"path":"/Users/romulobordezani/workspace/formoose/src/validators/maxLength/maxLength.ts","statementMap":{"0":{"start":{"line":1,"column":0},"end":{"line":1,"column":47}},"1":{"start":{"line":2,"column":0},"end":{"line":2,"column":39}},"2":{"start":{"line":13,"column":23},"end":{"line":13,"column":36}},"3":{"start":{"line":15,"column":2},"end":{"line":24,"column":null}},"4":{"start":{"line":16,"column":4},"end":{"line":23,"column":6}},"5":{"start":{"line":25,"column":2},"end":{"line":25,"column":14}},"6":{"start":{"line":12,"column":0},"end":{"line":12,"column":16}}},"fnMap":{"0":{"name":"maxLength","decl":{"start":{"line":12,"column":16},"end":{"line":12,"column":25}},"loc":{"start":{"line":12,"column":70},"end":{"line":26,"column":1}}}},"branchMap":{"0":{"loc":{"start":{"line":15,"column":2},"end":{"line":24,"column":null}},"type":"if","locations":[{"start":{"line":15,"column":2},"end":{"line":24,"column":null}}]},"1":{"loc":{"start":{"line":15,"column":6},"end":{"line":15,"column":63}},"type":"binary-expr","locations":[{"start":{"line":15,"column":6},"end":{"line":15,"column":33}},{"start":{"line":15,"column":37},"end":{"line":15,"column":63}}]}},"s":{"0":9,"1":9,"2":5,"3":5,"4":1,"5":1,"6":9},"f":{"0":5},"b":{"0":[1],"1":[5,2]}}
,"/Users/romulobordezani/workspace/formoose/src/validators/minLength/minLength.ts": {"path":"/Users/romulobordezani/workspace/formoose/src/validators/minLength/minLength.ts","statementMap":{"0":{"start":{"line":1,"column":0},"end":{"line":1,"column":47}},"1":{"start":{"line":2,"column":0},"end":{"line":2,"column":39}},"2":{"start":{"line":13,"column":23},"end":{"line":13,"column":36}},"3":{"start":{"line":15,"column":2},"end":{"line":23,"column":null}},"4":{"start":{"line":16,"column":4},"end":{"line":22,"column":6}},"5":{"start":{"line":24,"column":2},"end":{"line":24,"column":14}},"6":{"start":{"line":12,"column":0},"end":{"line":12,"column":16}}},"fnMap":{"0":{"name":"minLength","decl":{"start":{"line":12,"column":16},"end":{"line":12,"column":25}},"loc":{"start":{"line":12,"column":49},"end":{"line":25,"column":1}}}},"branchMap":{"0":{"loc":{"start":{"line":15,"column":2},"end":{"line":23,"column":null}},"type":"if","locations":[{"start":{"line":15,"column":2},"end":{"line":23,"column":null}}]},"1":{"loc":{"start":{"line":15,"column":6},"end":{"line":15,"column":63}},"type":"binary-expr","locations":[{"start":{"line":15,"column":6},"end":{"line":15,"column":33}},{"start":{"line":15,"column":37},"end":{"line":15,"column":63}}]}},"s":{"0":9,"1":9,"2":5,"3":5,"4":1,"5":1,"6":9},"f":{"0":5},"b":{"0":[1],"1":[5,2]}}
}
