TN:
SF:src/custom-errors/index.ts
FNF:0
FNH:0
DA:1,10
DA:2,10
LF:2
LH:2
BRF:0
BRH:0
end_of_record
TN:
SF:src/custom-errors/CustomError/CustomError.ts
FN:9,(anonymous_0)
FNF:1
FNH:1
FNDA:21,(anonymous_0)
DA:3,10
DA:15,21
DA:16,21
DA:17,21
DA:18,21
DA:19,21
DA:20,21
DA:21,21
LF:8
LH:8
BRDA:18,0,0,21
BRDA:18,0,1,0
BRF:2
BRH:1
end_of_record
TN:
SF:src/custom-errors/CustomError/index.ts
FNF:0
FNH:0
DA:1,10
LF:1
LH:1
BRF:0
BRH:0
end_of_record
TN:
SF:src/custom-errors/ErrorHandler/ErrorHandler.ts
FN:15,(anonymous_0)
FNF:1
FNH:1
FNDA:21,(anonymous_0)
DA:1,10
DA:6,10
DA:16,21
LF:3
LH:3
BRDA:15,0,0,20
BRF:1
BRH:1
end_of_record
TN:
SF:src/custom-errors/ErrorHandler/index.ts
FNF:0
FNH:0
DA:1,10
LF:1
LH:1
BRF:0
BRH:0
end_of_record
TN:
SF:src/interfaces/Types.enum.ts
FN:1,(anonymous_0)
FNF:1
FNH:1
FNDA:1,(anonymous_0)
DA:1,1
DA:2,1
DA:3,1
DA:4,1
DA:5,1
LF:5
LH:5
BRDA:1,0,0,1
BRDA:1,0,1,1
BRF:2
BRH:2
end_of_record
TN:
SF:src/interfaces/index.ts
FNF:0
FNH:0
DA:1,1
DA:3,1
DA:4,1
DA:5,1
DA:6,1
DA:8,1
DA:9,1
DA:10,1
DA:11,1
LF:9
LH:9
BRF:0
BRH:0
end_of_record
TN:
SF:src/tools/convertModelToForm/convertModelToForm.ts
FN:11,convertModelToForm
FN:16,(anonymous_1)
FNF:2
FNH:2
FNDA:1,convertModelToForm
FNDA:12,(anonymous_1)
DA:14,1
DA:16,1
DA:17,12
DA:24,1
DA:27,1
LF:5
LH:5
BRF:0
BRH:0
end_of_record
TN:
SF:src/tools/mountFormData/MountFormData.ts
FN:3,(anonymous_0)
FN:6,(anonymous_1)
FNF:2
FNH:2
FNDA:1,(anonymous_0)
FNDA:5,(anonymous_1)
DA:3,1
DA:4,1
DA:6,1
DA:7,5
DA:14,1
LF:5
LH:5
BRF:0
BRH:0
end_of_record
TN:
SF:src/validators/index.ts
FNF:0
FNH:0
DA:1,9
DA:2,9
DA:3,9
DA:4,9
DA:5,9
DA:6,9
DA:7,9
DA:8,9
DA:9,9
LF:9
LH:9
BRF:0
BRH:0
end_of_record
TN:
SF:src/validators/isArray/isArray.ts
FN:10,isArray
FNF:1
FNH:1
FNDA:2,isArray
DA:1,9
DA:10,9
DA:11,2
DA:12,1
DA:18,1
LF:5
LH:5
BRDA:11,0,0,1
BRF:1
BRH:1
end_of_record
TN:
SF:src/validators/isBoolean/isBoolean.ts
FN:10,isBoolean
FNF:1
FNH:1
FNDA:2,isBoolean
DA:1,9
DA:10,9
DA:11,2
DA:12,1
DA:18,1
LF:5
LH:5
BRDA:11,0,0,1
BRF:1
BRH:1
end_of_record
TN:
SF:src/validators/isEmpty/isEmpty.ts
FN:10,isEmpty
FNF:1
FNH:1
FNDA:3,isEmpty
DA:1,9
DA:10,9
DA:11,3
DA:12,2
DA:18,1
LF:5
LH:5
BRDA:11,0,0,2
BRDA:11,1,0,3
BRDA:11,1,1,2
BRDA:11,1,2,1
BRDA:11,1,3,1
BRF:5
BRH:5
end_of_record
TN:
SF:src/validators/isNumber/isNumber.ts
FN:10,isNumber
FNF:1
FNH:1
FNDA:4,isNumber
DA:1,9
DA:10,9
DA:11,4
DA:12,3
DA:18,1
LF:5
LH:5
BRDA:11,0,0,3
BRF:1
BRH:1
end_of_record
TN:
SF:src/validators/isString/index.ts
FNF:0
FNH:0
DA:1,9
LF:1
LH:1
BRF:0
BRH:0
end_of_record
TN:
SF:src/validators/isString/isString.ts
FN:10,isString
FNF:1
FNH:1
FNDA:14,isString
DA:1,9
DA:10,9
DA:11,14
DA:12,9
DA:19,5
LF:5
LH:5
BRDA:11,0,0,9
BRF:1
BRH:1
end_of_record
TN:
SF:src/validators/matchEnum/matchEnum.ts
FN:11,matchEnum
FNF:1
FNH:1
FNDA:2,matchEnum
DA:1,9
DA:11,9
DA:12,2
DA:14,2
DA:15,1
DA:23,1
LF:6
LH:6
BRDA:14,0,0,1
BRF:1
BRH:1
end_of_record
TN:
SF:src/validators/matchValidate/matchValidate.ts
FN:11,matchValidate
FNF:1
FNH:1
FNDA:2,matchValidate
DA:1,9
DA:11,9
DA:12,2
DA:13,1
DA:19,1
LF:5
LH:5
BRDA:11,0,0,2
BRDA:12,1,0,1
BRF:2
BRH:2
end_of_record
TN:
SF:src/validators/maxLength/maxLength.ts
FN:12,maxLength
FNF:1
FNH:1
FNDA:5,maxLength
DA:1,9
DA:2,9
DA:12,9
DA:13,5
DA:15,5
DA:16,1
DA:25,1
LF:7
LH:7
BRDA:15,0,0,1
BRDA:15,1,0,5
BRDA:15,1,1,2
BRF:3
BRH:3
end_of_record
TN:
SF:src/validators/minLength/minLength.ts
FN:12,minLength
FNF:1
FNH:1
FNDA:5,minLength
DA:1,9
DA:2,9
DA:12,9
DA:13,5
DA:15,5
DA:16,1
DA:24,1
LF:7
LH:7
BRDA:15,0,0,1
BRDA:15,1,0,5
BRDA:15,1,1,2
BRF:3
BRH:3
end_of_record
